                                 Started job on |	Dec 02 22:05:28
                             Started mapping on |	Dec 02 22:06:10
                                    Finished on |	Dec 02 22:07:43
       Mapping speed, Million of reads per hour |	793.71

                          Number of input reads |	20504190
                      Average input read length |	91
                                    UNIQUE READS:
                   Uniquely mapped reads number |	15464639
                        Uniquely mapped reads % |	75.42%
                          Average mapped length |	91.68
                       Number of splices: Total |	3522567
            Number of splices: Annotated (sjdb) |	3380176
                       Number of splices: GT/AG |	3407978
                       Number of splices: GC/AG |	24044
                       Number of splices: AT/AC |	2314
               Number of splices: Non-canonical |	88231
                      Mismatch rate per base, % |	0.21%
                         Deletion rate per base |	0.01%
                        Deletion average length |	1.61
                        Insertion rate per base |	0.01%
                       Insertion average length |	1.65
                             MULTI-MAPPING READS:
        Number of reads mapped to multiple loci |	1712650
             % of reads mapped to multiple loci |	8.35%
        Number of reads mapped to too many loci |	16323
             % of reads mapped to too many loci |	0.08%
                                  UNMAPPED READS:
  Number of reads unmapped: too many mismatches |	0
       % of reads unmapped: too many mismatches |	0.00%
            Number of reads unmapped: too short |	3294794
                 % of reads unmapped: too short |	16.07%
                Number of reads unmapped: other |	15784
                     % of reads unmapped: other |	0.08%
                                  CHIMERIC READS:
                       Number of chimeric reads |	0
                            % of chimeric reads |	0.00%
