STAR version=2.7.11b
STAR compilation time,server,dir=2024-01-25T16:12:02-05:00 :/home/dobin/data/STAR/STARcode/STAR.master/source
STAR git: On branch master ; commit a72e5fa27331108f524211d667949dc5ff4072e8 ; diff files: CHANGES.md README.md doc/STARmanual.pdf extras/doc-latex/STARmanual.tex extras/doc-latex/parametersDefault.tex extras/docker/Dockerfile source/VERSION 
##### Command Line:
STAR --genomeDir /rhome/kzhao028/shared/Joy/references/human_flu/fluWSN_nicole_hg38v47 --readFilesIn /rhome/kzhao028/shared/seqdata/20251202-Neil_Flu_RNAseq/D25XYN_2_mCh_rep2.fastq.gz --readFilesCommand zcat --outFileNamePrefix /rhome/kzhao028/shared/seqdata/20251202-Neil_Flu_RNAseq/star_output/D25XYN_2_mCh_rep2_ --outSAMtype BAM SortedByCoordinate --runThreadN 16
##### Initial USER parameters from Command Line:
outFileNamePrefix                 /rhome/kzhao028/shared/seqdata/20251202-Neil_Flu_RNAseq/star_output/D25XYN_2_mCh_rep2_
###### All USER parameters from Command Line:
genomeDir                     /rhome/kzhao028/shared/Joy/references/human_flu/fluWSN_nicole_hg38v47     ~RE-DEFINED
readFilesIn                   /rhome/kzhao028/shared/seqdata/20251202-Neil_Flu_RNAseq/D25XYN_2_mCh_rep2.fastq.gz        ~RE-DEFINED
readFilesCommand              zcat        ~RE-DEFINED
outFileNamePrefix             /rhome/kzhao028/shared/seqdata/20251202-Neil_Flu_RNAseq/star_output/D25XYN_2_mCh_rep2_     ~RE-DEFINED
outSAMtype                    BAM   SortedByCoordinate        ~RE-DEFINED
runThreadN                    16     ~RE-DEFINED
##### Finished reading parameters from all sources

##### Final user re-defined parameters-----------------:
runThreadN                        16
genomeDir                         /rhome/kzhao028/shared/Joy/references/human_flu/fluWSN_nicole_hg38v47
readFilesIn                       /rhome/kzhao028/shared/seqdata/20251202-Neil_Flu_RNAseq/D25XYN_2_mCh_rep2.fastq.gz   
readFilesCommand                  zcat   
outFileNamePrefix                 /rhome/kzhao028/shared/seqdata/20251202-Neil_Flu_RNAseq/star_output/D25XYN_2_mCh_rep2_
outSAMtype                        BAM   SortedByCoordinate   

-------------------------------
##### Final effective command line:
STAR   --runThreadN 16   --genomeDir /rhome/kzhao028/shared/Joy/references/human_flu/fluWSN_nicole_hg38v47   --readFilesIn /rhome/kzhao028/shared/seqdata/20251202-Neil_Flu_RNAseq/D25XYN_2_mCh_rep2.fastq.gz      --readFilesCommand zcat      --outFileNamePrefix /rhome/kzhao028/shared/seqdata/20251202-Neil_Flu_RNAseq/star_output/D25XYN_2_mCh_rep2_   --outSAMtype BAM   SortedByCoordinate   
----------------------------------------

Number of fastq files for each mate = 1

   Input read files for mate 1 :
-rw-r--r-- 1 kzhao028 xianglab 962213204 Dec  1 05:42 /rhome/kzhao028/shared/seqdata/20251202-Neil_Flu_RNAseq/D25XYN_2_mCh_rep2.fastq.gz

   readsCommandsFile:
exec > "/rhome/kzhao028/shared/seqdata/20251202-Neil_Flu_RNAseq/star_output/D25XYN_2_mCh_rep2__STARtmp/tmp.fifo.read1"
echo FILE 0
zcat      "/rhome/kzhao028/shared/seqdata/20251202-Neil_Flu_RNAseq/D25XYN_2_mCh_rep2.fastq.gz"

ParametersSolo: --soloCellFilterType CellRanger2.2 filtering parameters:  3000 0.99 10
WARNING: --limitBAMsortRAM=0, will use genome size as RAM limit for BAM sorting
Finished loading and checking parameters
Reading genome generation parameters:
### STAR   --runMode genomeGenerate      --runThreadN 16   --genomeDir /rhome/jshengna/shared/Joy/references/human_flu/fluWSN_nicole_hg38v47   --genomeFastaFiles /rhome/jshengna/shared/Joy/references/human_flu/fluWSN_nicole_hg38.fa      --sjdbGTFfile /rhome/jshengna/shared/Joy/references/human_flu/fluWSN_nicole_hg38v47.gtf   --sjdbOverhang 99
### GstrandBit=32
versionGenome                 2.7.4a     ~RE-DEFINED
genomeType                    Full     ~RE-DEFINED
genomeFastaFiles              /rhome/jshengna/shared/Joy/references/human_flu/fluWSN_nicole_hg38.fa        ~RE-DEFINED
genomeSAindexNbases           14     ~RE-DEFINED
genomeChrBinNbits             18     ~RE-DEFINED
genomeSAsparseD               1     ~RE-DEFINED
genomeTransformType           None     ~RE-DEFINED
genomeTransformVCF            -     ~RE-DEFINED
sjdbOverhang                  99     ~RE-DEFINED
sjdbFileChrStartEnd           -        ~RE-DEFINED
sjdbGTFfile                   /rhome/jshengna/shared/Joy/references/human_flu/fluWSN_nicole_hg38v47.gtf     ~RE-DEFINED
sjdbGTFchrPrefix              -     ~RE-DEFINED
sjdbGTFfeatureExon            exon     ~RE-DEFINED
sjdbGTFtagExonParentTranscripttranscript_id     ~RE-DEFINED
sjdbGTFtagExonParentGene      gene_id     ~RE-DEFINED
sjdbInsertSave                Basic     ~RE-DEFINED
genomeFileSizes               3245600762   25072833212        ~RE-DEFINED
Genome version is compatible with current STAR
Number of real (reference) chromosomes= 203
1	CY010795.1	2341	0
2	CY010794.1	2340	262144
3	CY010793.1	2233	524288
4	CY010788.1	1775	786432
5	CY010791.1	1565	1048576
6	CY010790.1	1409	1310720
7	CY010789.1	1027	1572864
8	CY010792.1	890	1835008
9	chr1	248956422	2097152
10	chr2	242193529	251133952
11	chr3	198295559	493355008
12	chr4	190214555	691798016
13	chr5	181538259	882114560
14	chr6	170805979	1063780352
15	chr7	159345973	1234698240
16	chr8	145138636	1394081792
17	chr9	138394717	1539309568
18	chr10	133797422	1677721600
19	chr11	135086622	1811677184
20	chr12	133275309	1946943488
21	chr13	114364328	2080374784
22	chr14	107043718	2194931712
23	chr15	101991189	2302148608
24	chr16	90338345	2404384768
25	chr17	83257441	2494824448
26	chr18	80373285	2578186240
27	chr19	58617616	2658664448
28	chr20	64444167	2717384704
29	chr21	46709983	2781872128
30	chr22	50818468	2828795904
31	chrX	156040895	2879651840
32	chrY	57227415	3035889664
33	chrM	16569	3093299200
34	chr1_KI270706v1_random	175055	3093561344
35	chr1_KI270707v1_random	32032	3093823488
36	chr1_KI270708v1_random	127682	3094085632
37	chr1_KI270709v1_random	66860	3094347776
38	chr1_KI270710v1_random	40176	3094609920
39	chr1_KI270711v1_random	42210	3094872064
40	chr1_KI270712v1_random	176043	3095134208
41	chr1_KI270713v1_random	40745	3095396352
42	chr1_KI270714v1_random	41717	3095658496
43	chr2_KI270715v1_random	161471	3095920640
44	chr2_KI270716v1_random	153799	3096182784
45	chr3_GL000221v1_random	155397	3096444928
46	chr4_GL000008v2_random	209709	3096707072
47	chr5_GL000208v1_random	92689	3096969216
48	chr9_KI270717v1_random	40062	3097231360
49	chr9_KI270718v1_random	38054	3097493504
50	chr9_KI270719v1_random	176845	3097755648
51	chr9_KI270720v1_random	39050	3098017792
52	chr11_KI270721v1_random	100316	3098279936
53	chr14_GL000009v2_random	201709	3098542080
54	chr14_GL000225v1_random	211173	3098804224
55	chr14_KI270722v1_random	194050	3099066368
56	chr14_GL000194v1_random	191469	3099328512
57	chr14_KI270723v1_random	38115	3099590656
58	chr14_KI270724v1_random	39555	3099852800
59	chr14_KI270725v1_random	172810	3100114944
60	chr14_KI270726v1_random	43739	3100377088
61	chr15_KI270727v1_random	448248	3100639232
62	chr16_KI270728v1_random	1872759	3101163520
63	chr17_GL000205v2_random	185591	3103260672
64	chr17_KI270729v1_random	280839	3103522816
65	chr17_KI270730v1_random	112551	3104047104
66	chr22_KI270731v1_random	150754	3104309248
67	chr22_KI270732v1_random	41543	3104571392
68	chr22_KI270733v1_random	179772	3104833536
69	chr22_KI270734v1_random	165050	3105095680
70	chr22_KI270735v1_random	42811	3105357824
71	chr22_KI270736v1_random	181920	3105619968
72	chr22_KI270737v1_random	103838	3105882112
73	chr22_KI270738v1_random	99375	3106144256
74	chr22_KI270739v1_random	73985	3106406400
75	chrY_KI270740v1_random	37240	3106668544
76	chrUn_KI270302v1	2274	3106930688
77	chrUn_KI270304v1	2165	3107192832
78	chrUn_KI270303v1	1942	3107454976
79	chrUn_KI270305v1	1472	3107717120
80	chrUn_KI270322v1	21476	3107979264
81	chrUn_KI270320v1	4416	3108241408
82	chrUn_KI270310v1	1201	3108503552
83	chrUn_KI270316v1	1444	3108765696
84	chrUn_KI270315v1	2276	3109027840
85	chrUn_KI270312v1	998	3109289984
86	chrUn_KI270311v1	12399	3109552128
87	chrUn_KI270317v1	37690	3109814272
88	chrUn_KI270412v1	1179	3110076416
89	chrUn_KI270411v1	2646	3110338560
90	chrUn_KI270414v1	2489	3110600704
91	chrUn_KI270419v1	1029	3110862848
92	chrUn_KI270418v1	2145	3111124992
93	chrUn_KI270420v1	2321	3111387136
94	chrUn_KI270424v1	2140	3111649280
95	chrUn_KI270417v1	2043	3111911424
96	chrUn_KI270422v1	1445	3112173568
97	chrUn_KI270423v1	981	3112435712
98	chrUn_KI270425v1	1884	3112697856
99	chrUn_KI270429v1	1361	3112960000
100	chrUn_KI270442v1	392061	3113222144
101	chrUn_KI270466v1	1233	3113746432
102	chrUn_KI270465v1	1774	3114008576
103	chrUn_KI270467v1	3920	3114270720
104	chrUn_KI270435v1	92983	3114532864
105	chrUn_KI270438v1	112505	3114795008
106	chrUn_KI270468v1	4055	3115057152
107	chrUn_KI270510v1	2415	3115319296
108	chrUn_KI270509v1	2318	3115581440
109	chrUn_KI270518v1	2186	3115843584
110	chrUn_KI270508v1	1951	3116105728
111	chrUn_KI270516v1	1300	3116367872
112	chrUn_KI270512v1	22689	3116630016
113	chrUn_KI270519v1	138126	3116892160
114	chrUn_KI270522v1	5674	3117154304
115	chrUn_KI270511v1	8127	3117416448
116	chrUn_KI270515v1	6361	3117678592
117	chrUn_KI270507v1	5353	3117940736
118	chrUn_KI270517v1	3253	3118202880
119	chrUn_KI270529v1	1899	3118465024
120	chrUn_KI270528v1	2983	3118727168
121	chrUn_KI270530v1	2168	3118989312
122	chrUn_KI270539v1	993	3119251456
123	chrUn_KI270538v1	91309	3119513600
124	chrUn_KI270544v1	1202	3119775744
125	chrUn_KI270548v1	1599	3120037888
126	chrUn_KI270583v1	1400	3120300032
127	chrUn_KI270587v1	2969	3120562176
128	chrUn_KI270580v1	1553	3120824320
129	chrUn_KI270581v1	7046	3121086464
130	chrUn_KI270579v1	31033	3121348608
131	chrUn_KI270589v1	44474	3121610752
132	chrUn_KI270590v1	4685	3121872896
133	chrUn_KI270584v1	4513	3122135040
134	chrUn_KI270582v1	6504	3122397184
135	chrUn_KI270588v1	6158	3122659328
136	chrUn_KI270593v1	3041	3122921472
137	chrUn_KI270591v1	5796	3123183616
138	chrUn_KI270330v1	1652	3123445760
139	chrUn_KI270329v1	1040	3123707904
140	chrUn_KI270334v1	1368	3123970048
141	chrUn_KI270333v1	2699	3124232192
142	chrUn_KI270335v1	1048	3124494336
143	chrUn_KI270338v1	1428	3124756480
144	chrUn_KI270340v1	1428	3125018624
145	chrUn_KI270336v1	1026	3125280768
146	chrUn_KI270337v1	1121	3125542912
147	chrUn_KI270363v1	1803	3125805056
148	chrUn_KI270364v1	2855	3126067200
149	chrUn_KI270362v1	3530	3126329344
150	chrUn_KI270366v1	8320	3126591488
151	chrUn_KI270378v1	1048	3126853632
152	chrUn_KI270379v1	1045	3127115776
153	chrUn_KI270389v1	1298	3127377920
154	chrUn_KI270390v1	2387	3127640064
155	chrUn_KI270387v1	1537	3127902208
156	chrUn_KI270395v1	1143	3128164352
157	chrUn_KI270396v1	1880	3128426496
158	chrUn_KI270388v1	1216	3128688640
159	chrUn_KI270394v1	970	3128950784
160	chrUn_KI270386v1	1788	3129212928
161	chrUn_KI270391v1	1484	3129475072
162	chrUn_KI270383v1	1750	3129737216
163	chrUn_KI270393v1	1308	3129999360
164	chrUn_KI270384v1	1658	3130261504
165	chrUn_KI270392v1	971	3130523648
166	chrUn_KI270381v1	1930	3130785792
167	chrUn_KI270385v1	990	3131047936
168	chrUn_KI270382v1	4215	3131310080
169	chrUn_KI270376v1	1136	3131572224
170	chrUn_KI270374v1	2656	3131834368
171	chrUn_KI270372v1	1650	3132096512
172	chrUn_KI270373v1	1451	3132358656
173	chrUn_KI270375v1	2378	3132620800
174	chrUn_KI270371v1	2805	3132882944
175	chrUn_KI270448v1	7992	3133145088
176	chrUn_KI270521v1	7642	3133407232
177	chrUn_GL000195v1	182896	3133669376
178	chrUn_GL000219v1	179198	3133931520
179	chrUn_GL000220v1	161802	3134193664
180	chrUn_GL000224v1	179693	3134455808
181	chrUn_KI270741v1	157432	3134717952
182	chrUn_GL000226v1	15008	3134980096
183	chrUn_GL000213v1	164239	3135242240
184	chrUn_KI270743v1	210658	3135504384
185	chrUn_KI270744v1	168472	3135766528
186	chrUn_KI270745v1	41891	3136028672
187	chrUn_KI270746v1	66486	3136290816
188	chrUn_KI270747v1	198735	3136552960
189	chrUn_KI270748v1	93321	3136815104
190	chrUn_KI270749v1	158759	3137077248
191	chrUn_KI270750v1	148850	3137339392
192	chrUn_KI270751v1	150742	3137601536
193	chrUn_KI270752v1	27745	3137863680
194	chrUn_KI270753v1	62944	3138125824
195	chrUn_KI270754v1	40191	3138387968
196	chrUn_KI270755v1	36723	3138650112
197	chrUn_KI270756v1	79590	3138912256
198	chrUn_KI270757v1	71251	3139174400
199	chrUn_GL000214v1	137718	3139436544
200	chrUn_KI270742v1	186739	3139698688
201	chrUn_GL000216v2	176608	3139960832
202	chrUn_GL000218v1	161147	3140222976
203	chrEBV	171823	3140485120
--sjdbOverhang = 99 taken from the generated genome
Started loading the genome: Tue Dec  2 21:47:01 2025

Genome: size given as a parameter = 3245600762
SA: size given as a parameter = 25072833212
SAindex: size given as a parameter = 1
Read from SAindex: pGe.gSAindexNbases=14  nSAi=357913940
nGenome=3245600762;  nSAbyte=25072833212
GstrandBit=32   SA number of indices=6078262596
Shared memory is not used for genomes. Allocated a private copy of the genome.
Genome file size: 3245600762 bytes; state: good=1 eof=0 fail=0 bad=0
Loading Genome ... done! state: good=1 eof=0 fail=0 bad=0; loaded 3245600762 bytes
SA file size: 25072833212 bytes; state: good=1 eof=0 fail=0 bad=0
Loading SA ... done! state: good=1 eof=0 fail=0 bad=0; loaded 25072833212 bytes
Loading SAindex ... done: 1565873619 bytes
Finished loading the genome: Tue Dec  2 21:47:38 2025

Processing splice junctions database sjdbN=526902,   pGe.sjdbOverhang=99 
alignIntronMax=alignMatesGapMax=0, the max intron size will be approximately determined by (2^winBinNbits)*winAnchorDistNbins=589824
Created thread # 1
Starting to map file # 0
mate 1:   /rhome/kzhao028/shared/seqdata/20251202-Neil_Flu_RNAseq/D25XYN_2_mCh_rep2.fastq.gz
Created thread # 2
Created thread # 3
Created thread # 4
Created thread # 5
Created thread # 6
Created thread # 7
Created thread # 8
Created thread # 9
Created thread # 10
Created thread # 11
Created thread # 12
Created thread # 13
Created thread # 14
Created thread # 15
BAM sorting: 189712 mapped reads
BAM sorting bins genomic start loci:
1	8	28236428
2	8	54850075
3	8	114397639
4	8	173864134
5	8	236215841
6	9	71385752
7	9	187496998
8	10	18240893
9	10	62297035
10	10	185417758
11	11	108622139
12	12	40832568
13	12	131159293
14	12	181236970
15	13	34424743
16	13	73518145
17	14	5527458
18	14	80212784
19	15	25487290
20	15	144316575
21	16	107330622
22	16	137582985
23	17	100994342
24	18	34086143
25	18	75404786
26	19	32839887
27	19	69789632
28	19	130876017
29	21	23323475
30	21	104756692
31	22	75932843
32	23	2775469
33	23	69741900
34	24	16381162
35	24	42024208
36	24	75777487
37	26	1440031
38	26	18279934
39	26	49497314
40	27	45640663
41	28	8392806
42	28	33437075
43	29	39313671
44	30	72273923
45	30	150766338
46	32	3130
47	32	9781
48	67	171588
Thread #8 end of input stream, nextChar=-1
Completed: thread #10
Completed: thread #6
Completed: thread #13
Completed: thread #7
Completed: thread #11
Completed: thread #15
Completed: thread #14
Completed: thread #9
Completed: thread #12
Completed: thread #3
Completed: thread #4
Completed: thread #0
Completed: thread #5
Completed: thread #2
Completed: thread #8
Completed: thread #1
Joined thread # 1
Joined thread # 2
Joined thread # 3
Joined thread # 4
Joined thread # 5
Joined thread # 6
Joined thread # 7
Joined thread # 8
Joined thread # 9
Joined thread # 10
Joined thread # 11
Joined thread # 12
Joined thread # 13
Joined thread # 14
Joined thread # 15
Dec 02 21:48:51 ..... finished mapping
RAM after mapping:
VmPeak:	32847880 kB; VmSize:	32667692 kB; VmHWM:	31663276 kB; VmRSS:	31640344 kB; 
RAM after freeing genome index memory:
VmPeak:	32847880 kB; VmSize:	 3483788 kB; VmHWM:	31663276 kB; VmRSS:	 2456440 kB; 
Dec 02 21:48:52 ..... started sorting BAM
Max memory needed for sorting = 120136983
ALL DONE!
