                                 Started job on |	Dec 02 22:03:37
                             Started mapping on |	Dec 02 22:03:56
                                    Finished on |	Dec 02 22:05:28
       Mapping speed, Million of reads per hour |	738.37

                          Number of input reads |	18869422
                      Average input read length |	91
                                    UNIQUE READS:
                   Uniquely mapped reads number |	13190483
                        Uniquely mapped reads % |	69.90%
                          Average mapped length |	91.72
                       Number of splices: Total |	3243142
            Number of splices: Annotated (sjdb) |	3122328
                       Number of splices: GT/AG |	3143760
                       Number of splices: GC/AG |	20879
                       Number of splices: AT/AC |	1920
               Number of splices: Non-canonical |	76583
                      Mismatch rate per base, % |	0.21%
                         Deletion rate per base |	0.01%
                        Deletion average length |	1.63
                        Insertion rate per base |	0.01%
                       Insertion average length |	1.62
                             MULTI-MAPPING READS:
        Number of reads mapped to multiple loci |	1588025
             % of reads mapped to multiple loci |	8.42%
        Number of reads mapped to too many loci |	12375
             % of reads mapped to too many loci |	0.07%
                                  UNMAPPED READS:
  Number of reads unmapped: too many mismatches |	0
       % of reads unmapped: too many mismatches |	0.00%
            Number of reads unmapped: too short |	4068465
                 % of reads unmapped: too short |	21.56%
                Number of reads unmapped: other |	10074
                     % of reads unmapped: other |	0.05%
                                  CHIMERIC READS:
                       Number of chimeric reads |	0
                            % of chimeric reads |	0.00%
