                                 Started job on |	Dec 02 17:03:16
                             Started mapping on |	Dec 02 17:04:09
                                    Finished on |	Dec 02 17:06:35
       Mapping speed, Million of reads per hour |	477.20

                          Number of input reads |	19353189
                      Average input read length |	182
                                    UNIQUE READS:
                   Uniquely mapped reads number |	2351
                        Uniquely mapped reads % |	0.01%
                          Average mapped length |	160.16
                       Number of splices: Total |	54
            Number of splices: Annotated (sjdb) |	2
                       Number of splices: GT/AG |	36
                       Number of splices: GC/AG |	9
                       Number of splices: AT/AC |	0
               Number of splices: Non-canonical |	9
                      Mismatch rate per base, % |	5.89%
                         Deletion rate per base |	0.00%
                        Deletion average length |	1.00
                        Insertion rate per base |	0.00%
                       Insertion average length |	0.00
                             MULTI-MAPPING READS:
        Number of reads mapped to multiple loci |	117000
             % of reads mapped to multiple loci |	0.60%
        Number of reads mapped to too many loci |	3620
             % of reads mapped to too many loci |	0.02%
                                  UNMAPPED READS:
  Number of reads unmapped: too many mismatches |	0
       % of reads unmapped: too many mismatches |	0.00%
            Number of reads unmapped: too short |	19211852
                 % of reads unmapped: too short |	99.27%
                Number of reads unmapped: other |	18366
                     % of reads unmapped: other |	0.09%
                                  CHIMERIC READS:
                       Number of chimeric reads |	0
                            % of chimeric reads |	0.00%
