                                 Started job on |	Dec 02 17:10:02
                             Started mapping on |	Dec 02 17:10:56
                                    Finished on |	Dec 02 17:13:12
       Mapping speed, Million of reads per hour |	500.14

                          Number of input reads |	18894114
                      Average input read length |	183
                                    UNIQUE READS:
                   Uniquely mapped reads number |	1876
                        Uniquely mapped reads % |	0.01%
                          Average mapped length |	160.38
                       Number of splices: Total |	17
            Number of splices: Annotated (sjdb) |	2
                       Number of splices: GT/AG |	13
                       Number of splices: GC/AG |	2
                       Number of splices: AT/AC |	0
               Number of splices: Non-canonical |	2
                      Mismatch rate per base, % |	5.93%
                         Deletion rate per base |	0.00%
                        Deletion average length |	1.67
                        Insertion rate per base |	0.00%
                       Insertion average length |	2.50
                             MULTI-MAPPING READS:
        Number of reads mapped to multiple loci |	110611
             % of reads mapped to multiple loci |	0.59%
        Number of reads mapped to too many loci |	3595
             % of reads mapped to too many loci |	0.02%
                                  UNMAPPED READS:
  Number of reads unmapped: too many mismatches |	0
       % of reads unmapped: too many mismatches |	0.00%
            Number of reads unmapped: too short |	18763170
                 % of reads unmapped: too short |	99.31%
                Number of reads unmapped: other |	14862
                     % of reads unmapped: other |	0.08%
                                  CHIMERIC READS:
                       Number of chimeric reads |	0
                            % of chimeric reads |	0.00%
