                                 Started job on |	Dec 02 16:48:47
                             Started mapping on |	Dec 02 16:49:47
                                    Finished on |	Dec 02 16:52:24
       Mapping speed, Million of reads per hour |	469.98

                          Number of input reads |	20496542
                      Average input read length |	183
                                    UNIQUE READS:
                   Uniquely mapped reads number |	2321
                        Uniquely mapped reads % |	0.01%
                          Average mapped length |	160.37
                       Number of splices: Total |	62
            Number of splices: Annotated (sjdb) |	1
                       Number of splices: GT/AG |	48
                       Number of splices: GC/AG |	3
                       Number of splices: AT/AC |	0
               Number of splices: Non-canonical |	11
                      Mismatch rate per base, % |	5.89%
                         Deletion rate per base |	0.00%
                        Deletion average length |	1.00
                        Insertion rate per base |	0.00%
                       Insertion average length |	3.00
                             MULTI-MAPPING READS:
        Number of reads mapped to multiple loci |	123586
             % of reads mapped to multiple loci |	0.60%
        Number of reads mapped to too many loci |	3763
             % of reads mapped to too many loci |	0.02%
                                  UNMAPPED READS:
  Number of reads unmapped: too many mismatches |	0
       % of reads unmapped: too many mismatches |	0.00%
            Number of reads unmapped: too short |	20348397
                 % of reads unmapped: too short |	99.28%
                Number of reads unmapped: other |	18475
                     % of reads unmapped: other |	0.09%
                                  CHIMERIC READS:
                       Number of chimeric reads |	0
                            % of chimeric reads |	0.00%
