                                 Started job on |	Dec 02 17:06:35
                             Started mapping on |	Dec 02 17:07:44
                                    Finished on |	Dec 02 17:10:02
       Mapping speed, Million of reads per hour |	505.59

                          Number of input reads |	19380998
                      Average input read length |	183
                                    UNIQUE READS:
                   Uniquely mapped reads number |	2181
                        Uniquely mapped reads % |	0.01%
                          Average mapped length |	160.75
                       Number of splices: Total |	45
            Number of splices: Annotated (sjdb) |	2
                       Number of splices: GT/AG |	35
                       Number of splices: GC/AG |	3
                       Number of splices: AT/AC |	0
               Number of splices: Non-canonical |	7
                      Mismatch rate per base, % |	5.86%
                         Deletion rate per base |	0.00%
                        Deletion average length |	1.00
                        Insertion rate per base |	0.00%
                       Insertion average length |	3.00
                             MULTI-MAPPING READS:
        Number of reads mapped to multiple loci |	118644
             % of reads mapped to multiple loci |	0.61%
        Number of reads mapped to too many loci |	4012
             % of reads mapped to too many loci |	0.02%
                                  UNMAPPED READS:
  Number of reads unmapped: too many mismatches |	0
       % of reads unmapped: too many mismatches |	0.00%
            Number of reads unmapped: too short |	19241100
                 % of reads unmapped: too short |	99.28%
                Number of reads unmapped: other |	15061
                     % of reads unmapped: other |	0.08%
                                  CHIMERIC READS:
                       Number of chimeric reads |	0
                            % of chimeric reads |	0.00%
